Using pre-set license
Built from '2021.3/staging' branch; Version is '2021.3.9f1 (ad3870b89536) revision 11352176'; Using compiler version '192829333'; Build Type 'Release'
OS: 'Windows 10  (10.0.19045) 64bit Enterprise' Language: 'en' Physical Memory: 16105 MB
BatchMode: 1, IsHumanControllingUs: 0, StartBugReporterOnCrash: 0, Is64bit: 1, IsPro: 1

COMMAND LINE ARGUMENTS:
C:\Program Files\Unity\Hub\Editor\2021.3.9f1\Editor\Unity.exe
-adb2
-batchMode
-noUpm
-name
AssetImportWorker2
-projectPath
E:/ProgrammingWork/starter-code2/towerdefense
-logFile
Logs/AssetImportWorker2.log
-srvPort
52513
Successfully changed project path to: E:/ProgrammingWork/starter-code2/towerdefense
E:/ProgrammingWork/starter-code2/towerdefense
[UnityMemory] Configuration Parameters - Can be set up in boot.config
    "memorysetup-bucket-allocator-granularity=16"
    "memorysetup-bucket-allocator-bucket-count=8"
    "memorysetup-bucket-allocator-block-size=33554432"
    "memorysetup-bucket-allocator-block-count=8"
    "memorysetup-main-allocator-block-size=16777216"
    "memorysetup-thread-allocator-block-size=16777216"
    "memorysetup-gfx-main-allocator-block-size=16777216"
    "memorysetup-gfx-thread-allocator-block-size=16777216"
    "memorysetup-cache-allocator-block-size=4194304"
    "memorysetup-typetree-allocator-block-size=2097152"
    "memorysetup-profiler-bucket-allocator-granularity=16"
    "memorysetup-profiler-bucket-allocator-bucket-count=8"
    "memorysetup-profiler-bucket-allocator-block-size=33554432"
    "memorysetup-profiler-bucket-allocator-block-count=8"
    "memorysetup-profiler-allocator-block-size=16777216"
    "memorysetup-profiler-editor-allocator-block-size=1048576"
    "memorysetup-temp-allocator-size-main=16777216"
    "memorysetup-job-temp-allocator-block-size=2097152"
    "memorysetup-job-temp-allocator-block-size-background=1048576"
    "memorysetup-job-temp-allocator-reduction-small-platforms=262144"
    "memorysetup-temp-allocator-size-background-worker=32768"
    "memorysetup-temp-allocator-size-job-worker=262144"
    "memorysetup-temp-allocator-size-preload-manager=33554432"
    "memorysetup-temp-allocator-size-nav-mesh-worker=65536"
    "memorysetup-temp-allocator-size-audio-worker=65536"
    "memorysetup-temp-allocator-size-cloud-worker=32768"
    "memorysetup-temp-allocator-size-gi-baking-worker=262144"
    "memorysetup-temp-allocator-size-gfx=262144"
Refreshing native plugins compatible for Editor in 57.80 ms, found 3 plugins.
Preloading 0 native plugins for Editor in 0.00 ms.
Initialize engine version: 2021.3.9f1 (ad3870b89536)
[Subsystems] Discovering subsystems at path C:/Program Files/Unity/Hub/Editor/2021.3.9f1/Editor/Data/Resources/UnitySubsystems
[Subsystems] Discovering subsystems at path E:/ProgrammingWork/starter-code2/towerdefense/Assets
GfxDevice: creating device client; threaded=0; jobified=0
Direct3D:
    Version:  Direct3D 11.0 [level 11.1]
    Renderer: AMD Radeon RX 640 (ID=0x6987)
    Vendor:   ATI
    VRAM:     4041 MB
    Driver:   27.20.11044.8003
Initialize mono
Mono path[0] = 'C:/Program Files/Unity/Hub/Editor/2021.3.9f1/Editor/Data/Managed'
Mono path[1] = 'C:/Program Files/Unity/Hub/Editor/2021.3.9f1/Editor/Data/MonoBleedingEdge/lib/mono/unityjit-win32'
Mono config path = 'C:/Program Files/Unity/Hub/Editor/2021.3.9f1/Editor/Data/MonoBleedingEdge/etc'
Using monoOptions --debugger-agent=transport=dt_socket,embedding=1,server=y,suspend=n,address=127.0.0.1:56692
Begin MonoManager ReloadAssembly
Registering precompiled unity dll's ...
Register platform support module: C:/Program Files/Unity/Hub/Editor/2021.3.9f1/Editor/Data/PlaybackEngines/WindowsStandaloneSupport/UnityEditor.WindowsStandalone.Extensions.dll
Registered in 0.003787 seconds.
Native extension for WindowsStandalone target not found
Refreshing native plugins compatible for Editor in 52.46 ms, found 3 plugins.
Preloading 0 native plugins for Editor in 0.00 ms.
Mono: successfully reloaded assembly
- Completed reload, in  0.469 seconds
Domain Reload Profiling:
	ReloadAssembly (469ms)
		BeginReloadAssembly (57ms)
			ExecutionOrderSort (0ms)
			DisableScriptedObjects (0ms)
			BackupInstance (0ms)
			ReleaseScriptingObjects (0ms)
			CreateAndSetChildDomain (1ms)
		EndReloadAssembly (333ms)
			LoadAssemblies (56ms)
			RebuildTransferFunctionScriptingTraits (0ms)
			SetupTypeCache (74ms)
			ReleaseScriptCaches (0ms)
			RebuildScriptCaches (22ms)
			SetupLoadedEditorAssemblies (200ms)
				LogAssemblyErrors (0ms)
				InitializePlatformSupportModulesInManaged (6ms)
				SetLoadedEditorAssemblies (0ms)
				RefreshPlugins (53ms)
				BeforeProcessingInitializeOnLoad (1ms)
				ProcessInitializeOnLoadAttributes (106ms)
				ProcessInitializeOnLoadMethodAttributes (34ms)
				AfterProcessingInitializeOnLoad (0ms)
				EditorAssembliesLoaded (0ms)
			ExecutionOrderSort2 (0ms)
			AwakeInstancesAfterBackupRestoration (0ms)
Platform modules already initialized, skipping
Registering precompiled user dll's ...
Registered in 0.003931 seconds.
Begin MonoManager ReloadAssembly
Symbol file LoadedFromMemory doesn't match image E:\ProgrammingWork\starter-code2\towerdefense\Library\PackageCache\com.unity.visualscripting@1.7.8\Editor\VisualScripting.Core\Dependencies\YamlDotNet\Unity.VisualScripting.YamlDotNet.dll
Symbol file LoadedFromMemory doesn't match image E:\ProgrammingWork\starter-code2\towerdefense\Library\PackageCache\com.unity.visualscripting@1.7.8\Editor\VisualScripting.Core\Dependencies\DotNetZip\Unity.VisualScripting.IonicZip.dll
Native extension for WindowsStandalone target not found
Refreshing native plugins compatible for Editor in 0.43 ms, found 3 plugins.
Preloading 0 native plugins for Editor in 0.00 ms.
Mono: successfully reloaded assembly
- Completed reload, in  0.716 seconds
Domain Reload Profiling:
	ReloadAssembly (716ms)
		BeginReloadAssembly (91ms)
			ExecutionOrderSort (0ms)
			DisableScriptedObjects (5ms)
			BackupInstance (0ms)
			ReleaseScriptingObjects (0ms)
			CreateAndSetChildDomain (18ms)
		EndReloadAssembly (542ms)
			LoadAssemblies (62ms)
			RebuildTransferFunctionScriptingTraits (0ms)
			SetupTypeCache (161ms)
			ReleaseScriptCaches (0ms)
			RebuildScriptCaches (35ms)
			SetupLoadedEditorAssemblies (259ms)
				LogAssemblyErrors (0ms)
				InitializePlatformSupportModulesInManaged (4ms)
				SetLoadedEditorAssemblies (0ms)
				RefreshPlugins (0ms)
				BeforeProcessingInitializeOnLoad (54ms)
				ProcessInitializeOnLoadAttributes (175ms)
				ProcessInitializeOnLoadMethodAttributes (20ms)
				AfterProcessingInitializeOnLoad (4ms)
				EditorAssembliesLoaded (0ms)
			ExecutionOrderSort2 (0ms)
			AwakeInstancesAfterBackupRestoration (5ms)
Platform modules already initialized, skipping
========================================================================
Worker process is ready to serve import requests
Launched and connected shader compiler UnityShaderCompiler.exe after 0.03 seconds
Refreshing native plugins compatible for Editor in 0.45 ms, found 3 plugins.
Preloading 0 native plugins for Editor in 0.00 ms.
Unloading 3267 Unused Serialized files (Serialized files now loaded: 0)
Unloading 24 unused Assets / (55.4 KB). Loaded Objects now: 3727.
Memory consumption went from 112.1 MB to 112.1 MB.
Total: 2.683300 ms (FindLiveObjects: 0.206000 ms CreateObjectMapping: 0.092700 ms MarkObjects: 2.311800 ms  DeleteObjects: 0.072300 ms)

AssetImportParameters requested are different than current active one (requested -> active):
  custom:video-decoder-ogg-theora: a1e56fd34408186e4bbccfd4996cb3dc -> 
  custom:container-muxer-webm: aa71ff27fc2769a1b78a27578f13a17b -> 
  custom:container-demuxer-webm: 4f35f7cbe854078d1ac9338744f61a02 -> 
  custom:video-encoder-webm-vp8: eb34c28f22e8b96e1ab97ce403110664 -> 
  custom:audio-encoder-webm-vorbis: bf7c407c2cedff20999df2af8eb42d56 -> 
  custom:framework-win-MediaFoundation: 216162199b28c13a410421893ffa2e32 -> 
  custom:container-demuxer-ogg: 62fdf1f143b41e24485cea50d1cbac27 -> 
  custom:video-decoder-webm-vp8: 9c59270c3fd7afecdb556c50c9e8de78 -> 
  custom:audio-decoder-ogg-vorbis: bf7c407c2cedff20999df2af8eb42d56 -> 
========================================================================
Received Import Request.
  Time since last request: 4658.451320 seconds.
  path: Assets/Images/Monsters
  artifactKey: Guid(185386dce6efa4d4ca0e8480fb6e2455) Importer(815301076,1909f56bfc062723c751e8b465ee728b)
Start importing Assets/Images/Monsters using Guid(185386dce6efa4d4ca0e8480fb6e2455) Importer(815301076,1909f56bfc062723c751e8b465ee728b)  -> (artifact id: '671efec5fa0fcf250d4c1fdda4289caa') in 0.013887 seconds 
========================================================================
Received Import Request.
  Time since last request: 0.058367 seconds.
  path: Assets/Images/Monsters/monster0.png
  artifactKey: Guid(1063a9963851d468196a883078c8664e) Importer(815301076,1909f56bfc062723c751e8b465ee728b)
Start importing Assets/Images/Monsters/monster0.png using Guid(1063a9963851d468196a883078c8664e) Importer(815301076,1909f56bfc062723c751e8b465ee728b)  -> (artifact id: '6196972a4039cc5bc4b2bb382a598830') in 0.147325 seconds 
========================================================================
Received Import Request.
  Time since last request: 0.000045 seconds.
  path: Assets/Images/Monsters/monster1Attack1.png
  artifactKey: Guid(3cd0a6805e2004c1899ed66d19f34724) Importer(815301076,1909f56bfc062723c751e8b465ee728b)
Start importing Assets/Images/Monsters/monster1Attack1.png using Guid(3cd0a6805e2004c1899ed66d19f34724) Importer(815301076,1909f56bfc062723c751e8b465ee728b)  -> (artifact id: '0905bf3cf223713b22e2f0b8fc4339e5') in 0.022292 seconds 
========================================================================
Received Import Request.
  Time since last request: 0.000049 seconds.
  path: Assets/Images/Monsters/monster_01_B_attack_03.png
  artifactKey: Guid(99fff7b9142a841c394285f5c3b5e095) Importer(815301076,1909f56bfc062723c751e8b465ee728b)
Start importing Assets/Images/Monsters/monster_01_B_attack_03.png using Guid(99fff7b9142a841c394285f5c3b5e095) Importer(815301076,1909f56bfc062723c751e8b465ee728b)  -> (artifact id: 'eeccf4af9727cdfed43c95961857be2f') in 0.019664 seconds 
========================================================================
Received Import Request.
  Time since last request: 1.361760 seconds.
  path: Assets/Images/Objects
  artifactKey: Guid(afcec31df0a834ed4b4f8514d3eec38c) Importer(815301076,1909f56bfc062723c751e8b465ee728b)
Start importing Assets/Images/Objects using Guid(afcec31df0a834ed4b4f8514d3eec38c) Importer(815301076,1909f56bfc062723c751e8b465ee728b)  -> (artifact id: '1d2bc8c134e33a4f115a426a09abd410') in 0.007242 seconds 
========================================================================
Received Import Request.
  Time since last request: 0.058367 seconds.
  path: Assets/Images/Objects/Bullet1.png
  artifactKey: Guid(42e7fb48812864bfcab2acd8725d45dc) Importer(815301076,1909f56bfc062723c751e8b465ee728b)
Start importing Assets/Images/Objects/Bullet1.png using Guid(42e7fb48812864bfcab2acd8725d45dc) Importer(815301076,1909f56bfc062723c751e8b465ee728b)  -> (artifact id: '63ae34b75127c806c98bbb9bb9b8f422') in 0.021246 seconds 
========================================================================
Received Import Request.
  Time since last request: 0.000020 seconds.
  path: Assets/Images/Objects/Openspot.png
  artifactKey: Guid(df4910dae3555424b96684835f0134de) Importer(815301076,1909f56bfc062723c751e8b465ee728b)
Start importing Assets/Images/Objects/Openspot.png using Guid(df4910dae3555424b96684835f0134de) Importer(815301076,1909f56bfc062723c751e8b465ee728b)  -> (artifact id: '9d91f7e91a507fac04149c2baf819ce2') in 0.025551 seconds 
Editor requested this worker to shutdown with reason: Scaling down because of idle timeout
AssetImportWorker is now disconnected from the server
Process exiting
Exiting without the bug reporter. Application will terminate with return code 0